<?xml version="1.0" encoding="UTF-8"?>
<testng-results skipped="0" failed="0" total="1" passed="1">
  <reporter-output>
  </reporter-output>
  <suite name="Suite" duration-ms="25708" started-at="2019-08-01T07:02:48Z" finished-at="2019-08-01T07:03:13Z">
    <groups>
    </groups>
    <test name="Test" duration-ms="25708" started-at="2019-08-01T07:02:48Z" finished-at="2019-08-01T07:03:13Z">
      <class name="fBPOM.FBLoginandout">
        <test-method status="PASS" signature="setup()[pri:0, instance:fBPOM.FBLoginandout@5622fdf]" name="setup" is-config="true" duration-ms="6848" started-at="2019-08-01T12:32:48Z" finished-at="2019-08-01T12:32:54Z">
          <reporter-output>
          </reporter-output>
        </test-method> <!-- setup -->
        <test-method status="PASS" signature="log()[pri:0, instance:fBPOM.FBLoginandout@5622fdf]" name="log" duration-ms="16106" started-at="2019-08-01T12:32:55Z" finished-at="2019-08-01T12:33:11Z">
          <reporter-output>
          </reporter-output>
        </test-method> <!-- log -->
        <test-method status="PASS" signature="teardown()[pri:0, instance:fBPOM.FBLoginandout@5622fdf]" name="teardown" is-config="true" duration-ms="2691" started-at="2019-08-01T12:33:11Z" finished-at="2019-08-01T12:33:13Z">
          <reporter-output>
          </reporter-output>
        </test-method> <!-- teardown -->
      </class> <!-- fBPOM.FBLoginandout -->
    </test> <!-- Test -->
  </suite> <!-- Suite -->
</testng-results>
