<?xml version="1.0" encoding="UTF-8"?>
<testng-results skipped="0" failed="0" total="1" passed="1">
  <reporter-output>
  </reporter-output>
  <suite name="Default suite" duration-ms="19467" started-at="2019-08-01T06:10:27Z" finished-at="2019-08-01T06:10:46Z">
    <groups>
    </groups>
    <test name="Default test" duration-ms="19467" started-at="2019-08-01T06:10:27Z" finished-at="2019-08-01T06:10:46Z">
      <class name="fBPOM.FBLoginandout">
        <test-method status="PASS" signature="setup()[pri:0, instance:fBPOM.FBLoginandout@6093dd95]" name="setup" is-config="true" duration-ms="9473" started-at="2019-08-01T11:40:27Z" finished-at="2019-08-01T11:40:36Z">
          <reporter-output>
          </reporter-output>
        </test-method> <!-- setup -->
        <test-method status="PASS" signature="log()[pri:0, instance:fBPOM.FBLoginandout@6093dd95]" name="log" duration-ms="9949" started-at="2019-08-01T11:40:36Z" finished-at="2019-08-01T11:40:46Z">
          <reporter-output>
          </reporter-output>
        </test-method> <!-- log -->
      </class> <!-- fBPOM.FBLoginandout -->
    </test> <!-- Default test -->
  </suite> <!-- Default suite -->
</testng-results>
